TN:
SF:src\enums\ContactErrorMessages.ts
FN:1,(anonymous_0)
FNF:1
FNH:1
FNDA:1,(anonymous_0)
DA:1,1
DA:2,1
DA:3,1
DA:4,1
DA:5,1
DA:6,1
LF:6
LH:6
BRDA:1,0,0,1
BRDA:1,0,1,1
BRF:2
BRH:2
end_of_record
TN:
SF:src\errors\ContactCreationError.ts
FN:4,(anonymous_0)
FNF:1
FNH:1
FNDA:5,(anonymous_0)
DA:3,1
DA:5,5
LF:2
LH:2
BRF:0
BRH:0
end_of_record
TN:
SF:src\models\Contact.ts
FN:6,(anonymous_6)
FN:13,(anonymous_7)
FN:21,(anonymous_8)
FN:25,(anonymous_9)
FN:33,(anonymous_10)
FN:37,(anonymous_11)
FN:45,(anonymous_12)
FN:49,(anonymous_13)
FN:59,(anonymous_14)
FN:63,(anonymous_15)
FN:77,(anonymous_16)
FNF:11
FNH:11
FNDA:6,(anonymous_6)
FNDA:2,(anonymous_7)
FNDA:1,(anonymous_8)
FNDA:2,(anonymous_9)
FNDA:1,(anonymous_10)
FNDA:2,(anonymous_11)
FNDA:1,(anonymous_12)
FNDA:2,(anonymous_13)
FNDA:1,(anonymous_14)
FNDA:2,(anonymous_15)
FNDA:1,(anonymous_16)
DA:1,1
DA:3,1
DA:4,1
DA:6,1
DA:7,6
DA:8,6
DA:9,6
DA:14,2
DA:15,1
DA:17,1
DA:22,1
DA:26,2
DA:27,1
DA:29,1
DA:34,1
DA:38,2
DA:39,1
DA:41,1
DA:46,1
DA:50,2
DA:51,1
DA:53,1
DA:60,1
DA:68,2
DA:69,1
DA:71,1
DA:78,1
LF:27
LH:27
BRDA:14,0,0,1
BRDA:14,0,1,1
BRDA:26,1,0,1
BRDA:26,1,1,1
BRDA:38,2,0,1
BRDA:38,2,1,1
BRDA:50,3,0,1
BRDA:50,3,1,1
BRDA:68,4,0,1
BRDA:68,4,1,1
BRF:10
BRH:10
end_of_record
