{"C:\\Users\\aluno\\Downloads\\LP2_2024_2-main (1)\\LP2_2024_2-main\\avaliacao01\\src\\models\\PositiveArray.ts": {"path":"C:\\Users\\aluno\\Downloads\\LP2_2024_2-main (1)\\LP2_2024_2-main\\avaliacao01\\src\\models\\PositiveArray.ts","statementMap":{"0":{"start":{"line":4,"column":0},"end":{"line":4,"column":13}},"1":{"start":{"line":8,"column":4},"end":{"line":8,"column":null}},"2":{"start":{"line":15,"column":2},"end":{"line":19,"column":null}},"3":{"start":{"line":16,"column":4},"end":{"line":18,"column":5}},"4":{"start":{"line":17,"column":6},"end":{"line":17,"column":null}},"5":{"start":{"line":26,"column":2},"end":{"line":38,"column":null}},"6":{"start":{"line":27,"column":4},"end":{"line":35,"column":5}},"7":{"start":{"line":28,"column":22},"end":{"line":28,"column":41}},"8":{"start":{"line":29,"column":6},"end":{"line":32,"column":null}},"9":{"start":{"line":34,"column":6},"end":{"line":34,"column":null}},"10":{"start":{"line":37,"column":4},"end":{"line":37,"column":null}},"11":{"start":{"line":43,"column":2},"end":{"line":45,"column":null}},"12":{"start":{"line":44,"column":4},"end":{"line":44,"column":null}},"13":{"start":{"line":46,"column":0},"end":{"line":46,"column":null}},"14":{"start":{"line":4,"column":13},"end":{"line":4,"column":26}}},"fnMap":{"0":{"name":"(anonymous_1)","decl":{"start":{"line":4,"column":0},"end":{"line":4,"column":13}},"loc":{"start":{"line":4,"column":0},"end":{"line":46,"column":null}}},"1":{"name":"PositiveArray","decl":{"start":{"line":7,"column":2},"end":{"line":7,"column":null}},"loc":{"start":{"line":7,"column":2},"end":{"line":9,"column":3}}},"2":{"name":"(anonymous_3)","decl":{"start":{"line":15,"column":2},"end":{"line":15,"column":5}},"loc":{"start":{"line":15,"column":21},"end":{"line":19,"column":3}}},"3":{"name":"(anonymous_4)","decl":{"start":{"line":26,"column":2},"end":{"line":26,"column":8}},"loc":{"start":{"line":26,"column":22},"end":{"line":38,"column":3}}},"4":{"name":"(anonymous_5)","decl":{"start":{"line":43,"column":2},"end":{"line":43,"column":6}},"loc":{"start":{"line":43,"column":2},"end":{"line":45,"column":3}}}},"branchMap":{"0":{"loc":{"start":{"line":16,"column":4},"end":{"line":18,"column":5}},"type":"if","locations":[{"start":{"line":16,"column":4},"end":{"line":18,"column":5}}]},"1":{"loc":{"start":{"line":27,"column":4},"end":{"line":35,"column":5}},"type":"if","locations":[{"start":{"line":27,"column":4},"end":{"line":35,"column":5}}]},"2":{"loc":{"start":{"line":27,"column":8},"end":{"line":27,"column":49}},"type":"binary-expr","locations":[{"start":{"line":27,"column":8},"end":{"line":27,"column":18}},{"start":{"line":27,"column":22},"end":{"line":27,"column":49}}]}},"s":{"0":1,"1":7,"2":1,"3":14,"4":12,"5":1,"6":3,"7":1,"8":1,"9":1,"10":2,"11":1,"12":9,"13":1,"14":1},"f":{"0":1,"1":7,"2":14,"3":3,"4":9},"b":{"0":[12],"1":[1],"2":[3,2]}}
}
