TN:
SF:src\enums\ProductErrorMessages.ts
FN:1,(anonymous_0)
FNF:1
FNH:1
FNDA:1,(anonymous_0)
DA:1,1
DA:2,1
DA:3,1
DA:4,1
DA:5,1
DA:6,1
LF:6
LH:6
BRDA:1,0,0,1
BRDA:1,0,1,1
BRF:2
BRH:2
end_of_record
TN:
SF:src\errors\ProductCreationError.ts
FN:2,(anonymous_0)
FNF:1
FNH:1
FNDA:5,(anonymous_0)
DA:1,1
DA:3,5
DA:4,5
LF:3
LH:3
BRF:0
BRH:0
end_of_record
TN:
SF:src\models\Product.ts
FN:5,(anonymous_0)
FN:12,(anonymous_1)
FN:20,(anonymous_2)
FN:24,(anonymous_3)
FN:32,(anonymous_4)
FN:36,(anonymous_5)
FN:44,(anonymous_6)
FN:48,(anonymous_7)
FN:56,(anonymous_8)
FN:60,(anonymous_9)
FN:68,(anonymous_10)
FNF:11
FNH:11
FNDA:6,(anonymous_0)
FNDA:2,(anonymous_1)
FNDA:1,(anonymous_2)
FNDA:2,(anonymous_3)
FNDA:1,(anonymous_4)
FNDA:2,(anonymous_5)
FNDA:1,(anonymous_6)
FNDA:2,(anonymous_7)
FNDA:1,(anonymous_8)
FNDA:2,(anonymous_9)
FNDA:1,(anonymous_10)
DA:1,1
DA:2,1
DA:5,1
DA:6,6
DA:7,6
DA:8,6
DA:9,6
DA:10,6
DA:13,2
DA:14,1
DA:16,1
DA:21,1
DA:25,2
DA:26,1
DA:28,1
DA:33,1
DA:37,2
DA:38,1
DA:40,1
DA:45,1
DA:49,2
DA:50,1
DA:52,1
DA:57,1
DA:61,2
DA:62,1
DA:64,1
DA:69,1
LF:28
LH:28
BRDA:13,0,0,1
BRDA:13,0,1,1
BRDA:25,1,0,1
BRDA:25,1,1,1
BRDA:25,2,0,2
BRDA:25,2,1,2
BRDA:37,3,0,1
BRDA:37,3,1,1
BRDA:49,4,0,1
BRDA:49,4,1,1
BRDA:61,5,0,1
BRDA:61,5,1,1
BRF:12
BRH:12
end_of_record
